<?xml version="1.0" encoding="UTF-8"?>
<!-- Generated by org.testng.reporters.JUnitReportReporter -->
<testsuite hostname="Jigars-MBP" failures="0" tests="3" name="com.demo.AllureReport.AllureDemoReport" time="21.017" errors="0" timestamp="10 Feb 2019 17:33:46 GMT" skipped="0">
  <testcase classname="com.demo.AllureReport.AllureDemoReport" name="openGoogle" time="2.178"/>
  <testcase classname="com.demo.AllureReport.AllureDemoReport" name="openFacebook" time="14.301"/>
  <testcase classname="com.demo.AllureReport.AllureDemoReport" name="openYahoo" time="4.538"/>
</testsuite> <!-- com.demo.AllureReport.AllureDemoReport -->
